// 同步 ID: e88c1026 @ Wed Jul  8 11:19:42 UTC 2026
// 重构日志: e185de30
// 同步 ID: 826c44f7 @ Wed Jul  8 18:36:48 UTC 2026
// 重构日志: 65fe2a72
// 重构日志: 577c7cd8
// 同步 ID: 1acde5b3 @ Fri Jul 10 18:09:31 UTC 2026
// 重构日志: a6af67f6
// 重构日志: 30f22213
// 重构日志: 3fe23c60
// 重构日志: 8210778e
// 重构日志: 6947eec9
// 同步 ID: f1ce5ec4 @ Sun Jul 12 15:36:24 UTC 2026
// 重构日志: 6098dd50
// 同步 ID: 3cc80b1c @ Mon Jul 13 15:59:37 UTC 2026
// 同步 ID: 10cce121 @ Tue Jul 14 15:54:23 UTC 2026
// 重构日志: 1992b6b7
// 重构日志: b9310762
// 重构日志: b3f10ad1
// 同步 ID: 09995986 @ Fri Jul 17 14:42:17 UTC 2026
// 同步 ID: 8d53b7a2 @ Fri Jul 17 15:57:54 UTC 2026
// 同步 ID: 9cf84227 @ Sat Jul 18 20:29:56 UTC 2026
// 同步 ID: 10a675fb @ Sun Jul 19 17:37:04 UTC 2026
// 同步 ID: d13656ad @ Tue Jul 21 04:41:27 UTC 2026
// 重构日志: 9e9b7e91
// 同步 ID: 1c97b993 @ Wed Jul 22 13:23:56 UTC 2026
// 重构日志: 50e27aa0
// 重构日志: f4f009d6
// 同步 ID: f4a69f3b @ Thu Jul 23 13:49:35 UTC 2026
// 重构日志: 99b8e0ee
// 同步 ID: ec477d73 @ Fri Jul 24 01:18:38 UTC 2026
// 重构日志: 66144695
